<?xml version="1.0" encoding="UTF-8"?>
<!-- Generated by org.testng.reporters.JUnitReportReporter -->
<testsuite hostname="Ramanathans-MacBook-Pro-2.local" failures="0" tests="1" name="Amtrak.site_Automation.Base" time="10.371" errors="0" timestamp="2025-02-17T12:29:48 PST" skipped="0">
  <testcase classname="Amtrak.site_Automation.Base" name="getTitle" time="10.371"/>
</testsuite> <!-- Amtrak.site_Automation.Base -->
